<?xml version="1.0" encoding="UTF-8"?>
<!-- Generated by org.testng.reporters.JUnitReportReporter -->
<testsuite hostname="LTIN321093" failures="0" tests="4" name="testCases.TC_05_FilterBookshelves" time="8.225" errors="0" timestamp="2024-02-23T12:14:05 IST" skipped="0">
  <testcase classname="testCases.TC_05_FilterBookshelves" name="sortBy" time="0.280"/>
  <system-out/>
  <testcase classname="testCases.TC_05_FilterBookshelves" name="excludeOutOfStock" time="0.876"/>
  <system-out/>
  <testcase classname="testCases.TC_05_FilterBookshelves" name="setPrice" time="6.803"/>
  <system-out/>
  <testcase classname="testCases.TC_05_FilterBookshelves" name="setCategory" time="0.266"/>
  <system-out/>
</testsuite> <!-- testCases.TC_05_FilterBookshelves -->
