<?xml version="1.0" encoding="UTF-8"?>
<!-- Generated by org.testng.reporters.JUnitReportReporter -->
<testsuite hostname="LTIN321093" failures="0" tests="1" name="testCases.TC_03_SearchForBookshelves" time="2.353" errors="0" timestamp="2024-02-23T12:14:05 IST" skipped="0">
  <testcase classname="testCases.TC_03_SearchForBookshelves" name="searchForBookshelves" time="2.353"/>
  <system-out/>
</testsuite> <!-- testCases.TC_03_SearchForBookshelves -->
