<?xml version="1.0" encoding="UTF-8"?>
<!-- Generated by org.testng.reporters.JUnitReportReporter -->
<testsuite hostname="LTIN321093" failures="0" tests="1" name="testCases.TC_17_FillInvalidForm" time="1.453" errors="0" timestamp="2024-02-23T12:14:05 IST" skipped="0">
  <testcase classname="testCases.TC_17_FillInvalidForm" name="fillInvalidForm" time="1.453"/>
  <system-out/>
</testsuite> <!-- testCases.TC_17_FillInvalidForm -->
