<?xml version="1.0" encoding="UTF-8"?>
<!-- Generated by org.testng.reporters.JUnitReportReporter -->
<testsuite hostname="LTIN321093" failures="0" tests="1" name="testCases.TC_03_SearchForBookshelves" time="4.141" errors="0" timestamp="2024-03-06T10:20:01 IST" skipped="0">
  <testcase classname="testCases.TC_03_SearchForBookshelves" name="searchForBookshelves" time="4.141"/>
  <system-out/>
</testsuite> <!-- testCases.TC_03_SearchForBookshelves -->
