<?xml version="1.0" encoding="UTF-8"?>
<!-- Generated by org.testng.reporters.JUnitReportReporter -->
<testsuite hostname="LTIN321093" failures="0" tests="1" name="testCases.TC_19_FillValidForm" time="2.018" errors="0" timestamp="2024-03-06T10:20:01 IST" skipped="0">
  <testcase classname="testCases.TC_19_FillValidForm" name="fillValidForm" time="2.018"/>
  <system-out/>
</testsuite> <!-- testCases.TC_19_FillValidForm -->
