<?xml version="1.0" encoding="UTF-8"?>
<!-- Generated by org.testng.reporters.JUnitReportReporter -->
<testsuite hostname="LTIN321093" failures="0" tests="1" name="testCases.TC_14_VerifyBirthDayLink" time="0.205" errors="0" timestamp="2024-03-06T10:20:01 IST" skipped="0">
  <testcase classname="testCases.TC_14_VerifyBirthDayLink" name="verifyBirthDayButton" time="0.205"/>
  <system-out/>
</testsuite> <!-- testCases.TC_14_VerifyBirthDayLink -->
