<?xml version="1.0" encoding="UTF-8"?>
<!-- Generated by org.testng.reporters.JUnitReportReporter -->
<testsuite hostname="LTIN321093" failures="0" tests="1" name="testCases.TC_06_PrintBookshelves" time="3.259" errors="0" timestamp="2024-02-23T12:14:05 IST" skipped="0">
  <testcase classname="testCases.TC_06_PrintBookshelves" name="printInfo" time="3.259"/>
  <system-out/>
</testsuite> <!-- testCases.TC_06_PrintBookshelves -->
