<?xml version="1.0" encoding="UTF-8"?>
<!-- Generated by org.testng.reporters.JUnitReportReporter -->
<testsuite hostname="LTIN321093" failures="0" tests="1" name="testCases.TC_09_RetrieveSubMenuInformation" time="0.285" errors="0" timestamp="2024-03-06T10:20:01 IST" skipped="0">
  <testcase classname="testCases.TC_09_RetrieveSubMenuInformation" name="retrieveInfo" time="0.285"/>
  <system-out/>
</testsuite> <!-- testCases.TC_09_RetrieveSubMenuInformation -->
