<?xml version="1.0" encoding="UTF-8"?>
<!-- Generated by org.testng.reporters.JUnitReportReporter -->
<testsuite hostname="LTIN321093" failures="0" tests="1" name="testCases.TC_11_VerifyGiftCardLink" time="0.068" errors="0" timestamp="2024-02-23T12:14:05 IST" skipped="0">
  <testcase classname="testCases.TC_11_VerifyGiftCardLink" name="verifyGiftCardLink" time="0.068"/>
  <system-out/>
</testsuite> <!-- testCases.TC_11_VerifyGiftCardLink -->
